2024-07-06 12:47:06.387 [info] Extension host with pid 3189 started
2024-07-06 12:47:06.387 [info] Skipping acquiring lock for /home/garo/.config/VSCodium/User/workspaceStorage/ffa66079118dfcfe63433a0444819296.
2024-07-06 12:47:06.446 [info] ExtensionService#_doActivateExtension vscode.git-base, startup: true, activationEvent: '*', root cause: vscode.git
2024-07-06 12:47:06.451 [info] ExtensionService#_doActivateExtension hoovercj.vscode-settings-cycler, startup: true, activationEvent: '*'
2024-07-06 12:47:06.490 [info] ExtensionService#_doActivateExtension vscode.git, startup: true, activationEvent: '*'
2024-07-06 12:47:06.551 [info] ExtensionService#_doActivateExtension vscode.github, startup: true, activationEvent: '*'
2024-07-06 12:47:06.603 [info] Eager extensions activated
2024-07-06 12:47:06.621 [info] ExtensionService#_doActivateExtension vscode.debug-auto-launch, startup: false, activationEvent: 'onStartupFinished'
2024-07-06 12:47:06.623 [info] ExtensionService#_doActivateExtension vscode.merge-conflict, startup: false, activationEvent: 'onStartupFinished'
2024-07-06 12:47:06.638 [info] ExtensionService#_doActivateExtension Catppuccin.catppuccin-vsc, startup: false, activationEvent: 'onStartupFinished'
2024-07-06 12:47:06.642 [info] ExtensionService#_doActivateExtension Catppuccin.catppuccin-vsc-icons, startup: false, activationEvent: 'onStartupFinished'
2024-07-06 12:47:06.648 [info] ExtensionService#_doActivateExtension esbenp.prettier-vscode, startup: false, activationEvent: 'onStartupFinished'
2024-07-06 12:47:06.712 [info] ExtensionService#_doActivateExtension ritwickdey.LiveServer, startup: false, activationEvent: 'onStartupFinished'
2024-07-06 12:47:06.842 [info] ExtensionService#_doActivateExtension vscode.emmet, startup: false, activationEvent: 'onLanguage'
2024-07-06 12:47:06.930 [info] ExtensionService#_doActivateExtension vscode.github-authentication, startup: false, activationEvent: 'onAuthenticationRequest:github'
2024-07-06 12:47:11.924 [info] Extension host terminating: renderer closed the MessagePort
2024-07-06 12:47:11.931 [error] Canceled: Canceled
	at new k (/usr/share/codium/resources/app/out/vs/workbench/api/node/extensionHostProcess.js:143:54721)
	at _._remoteCall (/usr/share/codium/resources/app/out/vs/workbench/api/node/extensionHostProcess.js:150:8142)
	at B.<computed>.F.charCodeAt.A.CharCode.DollarSign.B.<computed> (/usr/share/codium/resources/app/out/vs/workbench/api/node/extensionHostProcess.js:150:4327)
	at h._doExecuteCommand (/usr/share/codium/resources/app/out/vs/workbench/api/node/extensionHostProcess.js:153:236812)
	at h.executeCommand (/usr/share/codium/resources/app/out/vs/workbench/api/node/extensionHostProcess.js:153:236137)
	at I.registerCommand.description (/usr/share/codium/resources/app/out/vs/workbench/api/node/extensionHostProcess.js:153:235381)
	at h._executeContributedCommand (/usr/share/codium/resources/app/out/vs/workbench/api/node/extensionHostProcess.js:153:237450)
	at h._doExecuteCommand (/usr/share/codium/resources/app/out/vs/workbench/api/node/extensionHostProcess.js:153:236270)
	at h.executeCommand (/usr/share/codium/resources/app/out/vs/workbench/api/node/extensionHostProcess.js:153:236137)
	at Object.executeCommand (/usr/share/codium/resources/app/out/vs/workbench/api/node/extensionHostProcess.js:163:29314)
	at n.O [as value] (/usr/share/codium/resources/app/extensions/git/dist/main.js:2:945140)
	at c._deliver (/usr/share/codium/resources/app/out/vs/workbench/api/node/extensionHostProcess.js:82:842)
	at c._deliverQueue (/usr/share/codium/resources/app/out/vs/workbench/api/node/extensionHostProcess.js:82:933)
	at c.fire (/usr/share/codium/resources/app/out/vs/workbench/api/node/extensionHostProcess.js:82:1268)
	at Object.p [as dispose] (/usr/share/codium/resources/app/extensions/git/dist/main.js:2:964224)
	at /usr/share/codium/resources/app/extensions/git/dist/main.js:2:970262
	at Array.forEach (<anonymous>)
	at f.dispose (/usr/share/codium/resources/app/extensions/git/dist/main.js:2:970248)
	at a.<anonymous> (/usr/share/codium/resources/app/out/vs/workbench/api/node/extensionHostProcess.js:151:6158)
	at a.dispose (/usr/share/codium/resources/app/out/vs/workbench/api/node/extensionHostProcess.js:151:6255)
	at a.<anonymous> (/usr/share/codium/resources/app/extensions/git/dist/main.js:2:947397)
	at a.dispose (/usr/share/codium/resources/app/out/vs/workbench/api/node/extensionHostProcess.js:151:6255)
	at f (/usr/share/codium/resources/app/out/vs/workbench/api/node/extensionHostProcess.js:30:758)
	at u._deactivate (/usr/share/codium/resources/app/out/vs/workbench/api/node/extensionHostProcess.js:159:13000)
	at /usr/share/codium/resources/app/out/vs/workbench/api/node/extensionHostProcess.js:159:10146
	at Array.map (<anonymous>)
	at u._deactivateAll (/usr/share/codium/resources/app/out/vs/workbench/api/node/extensionHostProcess.js:159:10133)
	at u.terminate (/usr/share/codium/resources/app/out/vs/workbench/api/node/extensionHostProcess.js:159:10516)
	at f.terminate (/usr/share/codium/resources/app/out/vs/workbench/api/node/extensionHostProcess.js:163:1908)
	at t (/usr/share/codium/resources/app/out/vs/workbench/api/node/extensionHostProcess.js:176:12164)
	at MessagePortMain.<anonymous> (/usr/share/codium/resources/app/out/vs/workbench/api/node/extensionHostProcess.js:176:8030)
	at MessagePortMain.emit (node:events:514:28)
	at MessagePortMain._internalPort.emit (node:electron/js2c/utility_init:2:2285) setContext undefined
2024-07-06 12:47:11.931 [error] Canceled: Canceled
	at new k (/usr/share/codium/resources/app/out/vs/workbench/api/node/extensionHostProcess.js:143:54721)
	at _._remoteCall (/usr/share/codium/resources/app/out/vs/workbench/api/node/extensionHostProcess.js:150:8142)
	at B.<computed>.F.charCodeAt.A.CharCode.DollarSign.B.<computed> (/usr/share/codium/resources/app/out/vs/workbench/api/node/extensionHostProcess.js:150:4327)
	at h._doExecuteCommand (/usr/share/codium/resources/app/out/vs/workbench/api/node/extensionHostProcess.js:153:236812)
	at h.executeCommand (/usr/share/codium/resources/app/out/vs/workbench/api/node/extensionHostProcess.js:153:236137)
	at I.registerCommand.description (/usr/share/codium/resources/app/out/vs/workbench/api/node/extensionHostProcess.js:153:235381)
	at h._executeContributedCommand (/usr/share/codium/resources/app/out/vs/workbench/api/node/extensionHostProcess.js:153:237450)
	at h._doExecuteCommand (/usr/share/codium/resources/app/out/vs/workbench/api/node/extensionHostProcess.js:153:236270)
	at h.executeCommand (/usr/share/codium/resources/app/out/vs/workbench/api/node/extensionHostProcess.js:153:236137)
	at Object.executeCommand (/usr/share/codium/resources/app/out/vs/workbench/api/node/extensionHostProcess.js:163:29314)
	at set hasGitHubRepositories (/usr/share/codium/resources/app/extensions/github/dist/extension.js:2:322918)
	at /usr/share/codium/resources/app/extensions/github/dist/extension.js:2:323877
	at n.value (/usr/share/codium/resources/app/extensions/git/dist/main.js:2:1050713)
	at c._deliver (/usr/share/codium/resources/app/out/vs/workbench/api/node/extensionHostProcess.js:82:842)
	at c._deliverQueue (/usr/share/codium/resources/app/out/vs/workbench/api/node/extensionHostProcess.js:82:933)
	at c.fire (/usr/share/codium/resources/app/out/vs/workbench/api/node/extensionHostProcess.js:82:1268)
	at Object.p [as dispose] (/usr/share/codium/resources/app/extensions/git/dist/main.js:2:964224)
	at /usr/share/codium/resources/app/extensions/git/dist/main.js:2:970262
	at Array.forEach (<anonymous>)
	at f.dispose (/usr/share/codium/resources/app/extensions/git/dist/main.js:2:970248)
	at a.<anonymous> (/usr/share/codium/resources/app/out/vs/workbench/api/node/extensionHostProcess.js:151:6158)
	at a.dispose (/usr/share/codium/resources/app/out/vs/workbench/api/node/extensionHostProcess.js:151:6255)
	at a.<anonymous> (/usr/share/codium/resources/app/extensions/git/dist/main.js:2:947397)
	at a.dispose (/usr/share/codium/resources/app/out/vs/workbench/api/node/extensionHostProcess.js:151:6255)
	at f (/usr/share/codium/resources/app/out/vs/workbench/api/node/extensionHostProcess.js:30:758)
	at u._deactivate (/usr/share/codium/resources/app/out/vs/workbench/api/node/extensionHostProcess.js:159:13000)
	at /usr/share/codium/resources/app/out/vs/workbench/api/node/extensionHostProcess.js:159:10146
	at Array.map (<anonymous>)
	at u._deactivateAll (/usr/share/codium/resources/app/out/vs/workbench/api/node/extensionHostProcess.js:159:10133)
	at u.terminate (/usr/share/codium/resources/app/out/vs/workbench/api/node/extensionHostProcess.js:159:10516)
	at f.terminate (/usr/share/codium/resources/app/out/vs/workbench/api/node/extensionHostProcess.js:163:1908)
	at t (/usr/share/codium/resources/app/out/vs/workbench/api/node/extensionHostProcess.js:176:12164)
	at MessagePortMain.<anonymous> (/usr/share/codium/resources/app/out/vs/workbench/api/node/extensionHostProcess.js:176:8030)
	at MessagePortMain.emit (node:events:514:28)
	at MessagePortMain._internalPort.emit (node:electron/js2c/utility_init:2:2285) setContext undefined
2024-07-06 12:47:11.931 [info] Extension host with pid 3189 exiting with code 0
