2024-06-20 13:31:19.719 [info] Log level: Info
2024-06-20 13:31:19.719 [info] Validating found git in: "git"
2024-06-20 13:31:19.719 [info] Using git "2.45.2" from "git"
2024-06-20 13:31:19.719 [info] > git rev-parse --show-toplevel [14ms]
2024-06-20 13:31:19.719 [info] fatal: not a git repository (or any of the parent directories): .git
2024-06-20 13:31:19.719 [info] > git rev-parse --show-toplevel [5ms]
2024-06-20 13:31:19.719 [info] fatal: not a git repository (or any of the parent directories): .git
2024-06-20 13:31:19.719 [info] > git rev-parse --show-toplevel [65ms]
2024-06-20 13:31:19.719 [info] fatal: not a git repository (or any of the parent directories): .git
2024-06-20 13:31:19.720 [info] > git rev-parse --show-toplevel [5ms]
2024-06-20 13:31:19.720 [info] fatal: not a git repository (or any of the parent directories): .git
2024-06-20 13:31:19.732 [info] > git rev-parse --show-toplevel [2ms]
2024-06-20 13:31:19.732 [info] fatal: not a git repository (or any of the parent directories): .git
2024-06-20 13:31:19.743 [info] > git rev-parse --show-toplevel [2ms]
2024-06-20 13:31:19.743 [info] fatal: not a git repository (or any of the parent directories): .git
2024-06-20 13:31:19.753 [info] > git rev-parse --show-toplevel [2ms]
2024-06-20 13:31:19.753 [info] fatal: not a git repository (or any of the parent directories): .git
2024-06-20 13:31:19.765 [info] > git rev-parse --show-toplevel [2ms]
2024-06-20 13:31:19.766 [info] fatal: not a git repository (or any of the parent directories): .git
2024-06-20 13:31:19.776 [info] > git rev-parse --show-toplevel [3ms]
2024-06-20 13:31:19.776 [info] fatal: not a git repository (or any of the parent directories): .git
2024-06-20 13:31:19.789 [info] > git rev-parse --show-toplevel [4ms]
2024-06-20 13:31:19.802 [info] > git rev-parse --git-dir --git-common-dir [2ms]
2024-06-20 13:31:19.811 [info] Open repository: /home/garo/.oh-my-bash
2024-06-20 13:31:19.842 [info] > git rev-parse --show-toplevel [8ms]
2024-06-20 13:31:19.842 [info] fatal: not a git repository (or any of the parent directories): .git
2024-06-20 13:31:19.843 [info] > git config --get commit.template [18ms]
2024-06-20 13:31:19.868 [info] > git rev-parse --show-toplevel [13ms]
2024-06-20 13:31:19.868 [info] fatal: not a git repository (or any of the parent directories): .git
2024-06-20 13:31:19.878 [info] > git for-each-ref --format=%(refname)%00%(upstream:short)%00%(objectname)%00%(upstream:track)%00%(upstream:remotename)%00%(upstream:remoteref) refs/heads/master refs/remotes/master [12ms]
2024-06-20 13:31:19.879 [info] > git rev-parse --show-toplevel [2ms]
2024-06-20 13:31:19.879 [info] fatal: not a git repository (or any of the parent directories): .git
2024-06-20 13:31:19.903 [info] > git rev-parse --show-toplevel [14ms]
2024-06-20 13:31:19.903 [info] fatal: not a git repository (or any of the parent directories): .git
2024-06-20 13:31:19.917 [info] > git status -z -uall [16ms]
2024-06-20 13:31:19.947 [info] > git merge-base refs/heads/master refs/remotes/origin/master [18ms]
2024-06-20 13:31:19.958 [info] > git rev-parse --show-toplevel [43ms]
2024-06-20 13:31:19.958 [info] fatal: not a git repository (or any of the parent directories): .git
2024-06-20 13:31:19.970 [info] > git config --get commit.template [23ms]
2024-06-20 13:31:19.971 [info] > git rev-list --count --left-right refs/heads/master...refs/remotes/origin/master [13ms]
2024-06-20 13:31:19.991 [info] > git rev-parse --show-toplevel [22ms]
2024-06-20 13:31:19.991 [info] fatal: not a git repository (or any of the parent directories): .git
2024-06-20 13:31:20.005 [info] > git for-each-ref --format=%(refname)%00%(upstream:short)%00%(objectname)%00%(upstream:track)%00%(upstream:remotename)%00%(upstream:remoteref) refs/heads/master refs/remotes/master [15ms]
2024-06-20 13:31:20.006 [info] > git diff --name-status -z --diff-filter=ADMR d55683133b6be49d1b649b3bc292285038a2e2eb...refs/remotes/origin/master [24ms]
2024-06-20 13:31:20.008 [info] > git rev-parse --show-toplevel [3ms]
2024-06-20 13:31:20.008 [info] fatal: not a git repository (or any of the parent directories): .git
2024-06-20 13:31:20.044 [info] > git rev-parse --show-toplevel [6ms]
2024-06-20 13:31:20.044 [info] fatal: not a git repository (or any of the parent directories): .git
2024-06-20 13:31:20.063 [info] > git status -z -uall [9ms]
2024-06-20 13:31:20.066 [info] > git rev-parse --show-toplevel [4ms]
2024-06-20 13:31:20.066 [info] fatal: not a git repository (or any of the parent directories): .git
2024-06-20 13:31:20.079 [info] > git rev-parse --show-toplevel [2ms]
2024-06-20 13:31:20.079 [info] fatal: not a git repository (or any of the parent directories): .git
2024-06-20 13:31:20.088 [info] > git rev-parse --show-toplevel [2ms]
2024-06-20 13:31:20.088 [info] fatal: not a git repository (or any of the parent directories): .git
2024-06-20 13:31:20.103 [info] > git rev-parse --show-toplevel [3ms]
2024-06-20 13:31:20.103 [info] fatal: not a git repository (or any of the parent directories): .git
2024-06-20 13:31:20.117 [info] > git rev-parse --show-toplevel [2ms]
2024-06-20 13:31:20.117 [info] fatal: not a git repository (or any of the parent directories): .git
2024-06-20 13:31:20.132 [info] > git rev-parse --show-toplevel [3ms]
2024-06-20 13:31:20.132 [info] fatal: not a git repository (or any of the parent directories): .git
2024-06-20 13:31:20.147 [info] > git rev-parse --show-toplevel [2ms]
2024-06-20 13:31:20.147 [info] fatal: not a git repository (or any of the parent directories): .git
2024-06-20 13:31:20.162 [info] > git rev-parse --show-toplevel [3ms]
2024-06-20 13:31:20.162 [info] fatal: not a git repository (or any of the parent directories): .git
2024-06-20 13:31:20.175 [info] > git rev-parse --show-toplevel [2ms]
2024-06-20 13:31:20.175 [info] fatal: not a git repository (or any of the parent directories): .git
2024-06-20 13:31:20.929 [info] > git rev-parse --show-toplevel [2ms]
2024-06-20 13:31:20.929 [info] fatal: not a git repository (or any of the parent directories): .git
