2024-07-01 13:40:56.374 [info] Extension host with pid 2629 started
2024-07-01 13:40:56.374 [info] Skipping acquiring lock for /home/garo/.config/Code - OSS/User/workspaceStorage/116af7c0f2c46a6a76d7ea02d963fa3c.
2024-07-01 13:40:56.438 [info] ExtensionService#_doActivateExtension vscode.emmet, startup: false, activationEvent: 'onLanguage'
2024-07-01 13:40:56.497 [info] ExtensionService#_doActivateExtension vscode.git-base, startup: true, activationEvent: '*', root cause: vscode.git
2024-07-01 13:40:56.499 [info] ExtensionService#_doActivateExtension hoovercj.vscode-settings-cycler, startup: true, activationEvent: '*'
2024-07-01 13:40:56.510 [info] ExtensionService#_doActivateExtension vscode.git, startup: true, activationEvent: '*'
2024-07-01 13:40:56.552 [info] ExtensionService#_doActivateExtension vscode.github, startup: true, activationEvent: '*'
2024-07-01 13:40:56.620 [info] Eager extensions activated
2024-07-01 13:40:56.657 [info] ExtensionService#_doActivateExtension vscode.debug-auto-launch, startup: false, activationEvent: 'onStartupFinished'
2024-07-01 13:40:56.660 [info] ExtensionService#_doActivateExtension vscode.merge-conflict, startup: false, activationEvent: 'onStartupFinished'
2024-07-01 13:40:56.677 [info] ExtensionService#_doActivateExtension Catppuccin.catppuccin-vsc, startup: false, activationEvent: 'onStartupFinished'
2024-07-01 13:40:56.683 [info] ExtensionService#_doActivateExtension Catppuccin.catppuccin-vsc-icons, startup: false, activationEvent: 'onStartupFinished'
2024-07-01 13:40:56.689 [info] ExtensionService#_doActivateExtension esbenp.prettier-vscode, startup: false, activationEvent: 'onStartupFinished'
2024-07-01 13:40:56.761 [info] ExtensionService#_doActivateExtension ritwickdey.LiveServer, startup: false, activationEvent: 'onStartupFinished'
2024-07-01 13:40:57.183 [info] ExtensionService#_doActivateExtension vscode.github-authentication, startup: false, activationEvent: 'onAuthenticationRequest:github'
2024-07-01 13:41:50.805 [info] ExtensionService#_doActivateExtension vscode.json-language-features, startup: false, activationEvent: 'onLanguage:jsonc'
2024-07-01 13:41:50.882 [info] ExtensionService#_doActivateExtension vscode.typescript-language-features, startup: false, activationEvent: 'onLanguage:jsonc'
2024-07-01 14:53:50.951 [info] Extension host terminating: renderer closed the MessagePort
2024-07-01 14:53:50.976 [error] Canceled: Canceled
	at new A (/usr/lib/code/out/vs/workbench/api/node/extensionHostProcess.js:143:50615)
	at E.U (/usr/lib/code/out/vs/workbench/api/node/extensionHostProcess.js:150:6007)
	at z.<computed>.M.charCodeAt.R.CharCode.DollarSign.z.<computed> (/usr/lib/code/out/vs/workbench/api/node/extensionHostProcess.js:150:3091)
	at h.g (/usr/lib/code/out/vs/workbench/api/node/extensionHostProcess.js:153:199937)
	at h.executeCommand (/usr/lib/code/out/vs/workbench/api/node/extensionHostProcess.js:153:199375)
	at I.registerCommand.description (/usr/lib/code/out/vs/workbench/api/node/extensionHostProcess.js:153:198699)
	at h (/usr/lib/code/out/vs/workbench/api/node/extensionHostProcess.js:153:200476)
	at h.g (/usr/lib/code/out/vs/workbench/api/node/extensionHostProcess.js:153:199468)
	at h.executeCommand (/usr/lib/code/out/vs/workbench/api/node/extensionHostProcess.js:153:199375)
	at Object.executeCommand (/usr/lib/code/out/vs/workbench/api/node/extensionHostProcess.js:163:22742)
	at n.O [as value] (/usr/lib/code/extensions/git/dist/main.js:2:945191)
	at l.y (/usr/lib/code/out/vs/workbench/api/node/extensionHostProcess.js:82:664)
	at l.z (/usr/lib/code/out/vs/workbench/api/node/extensionHostProcess.js:82:734)
	at l.fire (/usr/lib/code/out/vs/workbench/api/node/extensionHostProcess.js:82:950)
	at Object.p [as dispose] (/usr/lib/code/extensions/git/dist/main.js:2:964275)
	at /usr/lib/code/extensions/git/dist/main.js:2:970313
	at Array.forEach (<anonymous>)
	at f.dispose (/usr/lib/code/extensions/git/dist/main.js:2:970299)
	at a.<anonymous> (/usr/lib/code/out/vs/workbench/api/node/extensionHostProcess.js:151:4032)
	at a.dispose (/usr/lib/code/out/vs/workbench/api/node/extensionHostProcess.js:151:4129)
	at a.<anonymous> (/usr/lib/code/extensions/git/dist/main.js:2:947448)
	at a.dispose (/usr/lib/code/out/vs/workbench/api/node/extensionHostProcess.js:151:4129)
	at f (/usr/lib/code/out/vs/workbench/api/node/extensionHostProcess.js:30:744)
	at u.eb (/usr/lib/code/out/vs/workbench/api/node/extensionHostProcess.js:159:9991)
	at /usr/lib/code/out/vs/workbench/api/node/extensionHostProcess.js:159:7867
	at Array.map (<anonymous>)
	at u.$ (/usr/lib/code/out/vs/workbench/api/node/extensionHostProcess.js:159:7854)
	at u.terminate (/usr/lib/code/out/vs/workbench/api/node/extensionHostProcess.js:159:8127)
	at f.terminate (/usr/lib/code/out/vs/workbench/api/node/extensionHostProcess.js:163:1513)
	at t (/usr/lib/code/out/vs/workbench/api/node/extensionHostProcess.js:176:10459)
	at MessagePortMain.<anonymous> (/usr/lib/code/out/vs/workbench/api/node/extensionHostProcess.js:176:6675)
	at MessagePortMain.emit (node:events:514:28)
	at MessagePortMain._internalPort.emit (node:electron/js2c/utility_init:2:2285) setContext undefined
2024-07-01 14:53:50.976 [error] Canceled: Canceled
	at new A (/usr/lib/code/out/vs/workbench/api/node/extensionHostProcess.js:143:50615)
	at E.U (/usr/lib/code/out/vs/workbench/api/node/extensionHostProcess.js:150:6007)
	at z.<computed>.M.charCodeAt.R.CharCode.DollarSign.z.<computed> (/usr/lib/code/out/vs/workbench/api/node/extensionHostProcess.js:150:3091)
	at h.g (/usr/lib/code/out/vs/workbench/api/node/extensionHostProcess.js:153:199937)
	at h.executeCommand (/usr/lib/code/out/vs/workbench/api/node/extensionHostProcess.js:153:199375)
	at I.registerCommand.description (/usr/lib/code/out/vs/workbench/api/node/extensionHostProcess.js:153:198699)
	at h (/usr/lib/code/out/vs/workbench/api/node/extensionHostProcess.js:153:200476)
	at h.g (/usr/lib/code/out/vs/workbench/api/node/extensionHostProcess.js:153:199468)
	at h.executeCommand (/usr/lib/code/out/vs/workbench/api/node/extensionHostProcess.js:153:199375)
	at Object.executeCommand (/usr/lib/code/out/vs/workbench/api/node/extensionHostProcess.js:163:22742)
	at n.O [as value] (/usr/lib/code/extensions/git/dist/main.js:2:945191)
	at l.y (/usr/lib/code/out/vs/workbench/api/node/extensionHostProcess.js:82:664)
	at l.z (/usr/lib/code/out/vs/workbench/api/node/extensionHostProcess.js:82:734)
	at l.fire (/usr/lib/code/out/vs/workbench/api/node/extensionHostProcess.js:82:950)
	at Object.p [as dispose] (/usr/lib/code/extensions/git/dist/main.js:2:964275)
	at /usr/lib/code/extensions/git/dist/main.js:2:970313
	at Array.forEach (<anonymous>)
	at f.dispose (/usr/lib/code/extensions/git/dist/main.js:2:970299)
	at a.<anonymous> (/usr/lib/code/out/vs/workbench/api/node/extensionHostProcess.js:151:4032)
	at a.dispose (/usr/lib/code/out/vs/workbench/api/node/extensionHostProcess.js:151:4129)
	at a.<anonymous> (/usr/lib/code/extensions/git/dist/main.js:2:947448)
	at a.dispose (/usr/lib/code/out/vs/workbench/api/node/extensionHostProcess.js:151:4129)
	at f (/usr/lib/code/out/vs/workbench/api/node/extensionHostProcess.js:30:744)
	at u.eb (/usr/lib/code/out/vs/workbench/api/node/extensionHostProcess.js:159:9991)
	at /usr/lib/code/out/vs/workbench/api/node/extensionHostProcess.js:159:7867
	at Array.map (<anonymous>)
	at u.$ (/usr/lib/code/out/vs/workbench/api/node/extensionHostProcess.js:159:7854)
	at u.terminate (/usr/lib/code/out/vs/workbench/api/node/extensionHostProcess.js:159:8127)
	at f.terminate (/usr/lib/code/out/vs/workbench/api/node/extensionHostProcess.js:163:1513)
	at t (/usr/lib/code/out/vs/workbench/api/node/extensionHostProcess.js:176:10459)
	at MessagePortMain.<anonymous> (/usr/lib/code/out/vs/workbench/api/node/extensionHostProcess.js:176:6675)
	at MessagePortMain.emit (node:events:514:28)
	at MessagePortMain._internalPort.emit (node:electron/js2c/utility_init:2:2285) setContext undefined
2024-07-01 14:53:50.977 [error] Canceled: Canceled
	at new A (/usr/lib/code/out/vs/workbench/api/node/extensionHostProcess.js:143:50615)
	at E.U (/usr/lib/code/out/vs/workbench/api/node/extensionHostProcess.js:150:6007)
	at z.<computed>.M.charCodeAt.R.CharCode.DollarSign.z.<computed> (/usr/lib/code/out/vs/workbench/api/node/extensionHostProcess.js:150:3091)
	at h.g (/usr/lib/code/out/vs/workbench/api/node/extensionHostProcess.js:153:199937)
	at h.executeCommand (/usr/lib/code/out/vs/workbench/api/node/extensionHostProcess.js:153:199375)
	at I.registerCommand.description (/usr/lib/code/out/vs/workbench/api/node/extensionHostProcess.js:153:198699)
	at h (/usr/lib/code/out/vs/workbench/api/node/extensionHostProcess.js:153:200476)
	at h.g (/usr/lib/code/out/vs/workbench/api/node/extensionHostProcess.js:153:199468)
	at h.executeCommand (/usr/lib/code/out/vs/workbench/api/node/extensionHostProcess.js:153:199375)
	at Object.executeCommand (/usr/lib/code/out/vs/workbench/api/node/extensionHostProcess.js:163:22742)
	at n.O [as value] (/usr/lib/code/extensions/git/dist/main.js:2:945191)
	at l.y (/usr/lib/code/out/vs/workbench/api/node/extensionHostProcess.js:82:664)
	at l.z (/usr/lib/code/out/vs/workbench/api/node/extensionHostProcess.js:82:734)
	at l.fire (/usr/lib/code/out/vs/workbench/api/node/extensionHostProcess.js:82:950)
	at Object.p [as dispose] (/usr/lib/code/extensions/git/dist/main.js:2:964275)
	at /usr/lib/code/extensions/git/dist/main.js:2:970313
	at Array.forEach (<anonymous>)
	at f.dispose (/usr/lib/code/extensions/git/dist/main.js:2:970299)
	at a.<anonymous> (/usr/lib/code/out/vs/workbench/api/node/extensionHostProcess.js:151:4032)
	at a.dispose (/usr/lib/code/out/vs/workbench/api/node/extensionHostProcess.js:151:4129)
	at a.<anonymous> (/usr/lib/code/extensions/git/dist/main.js:2:947448)
	at a.dispose (/usr/lib/code/out/vs/workbench/api/node/extensionHostProcess.js:151:4129)
	at f (/usr/lib/code/out/vs/workbench/api/node/extensionHostProcess.js:30:744)
	at u.eb (/usr/lib/code/out/vs/workbench/api/node/extensionHostProcess.js:159:9991)
	at /usr/lib/code/out/vs/workbench/api/node/extensionHostProcess.js:159:7867
	at Array.map (<anonymous>)
	at u.$ (/usr/lib/code/out/vs/workbench/api/node/extensionHostProcess.js:159:7854)
	at u.terminate (/usr/lib/code/out/vs/workbench/api/node/extensionHostProcess.js:159:8127)
	at f.terminate (/usr/lib/code/out/vs/workbench/api/node/extensionHostProcess.js:163:1513)
	at t (/usr/lib/code/out/vs/workbench/api/node/extensionHostProcess.js:176:10459)
	at MessagePortMain.<anonymous> (/usr/lib/code/out/vs/workbench/api/node/extensionHostProcess.js:176:6675)
	at MessagePortMain.emit (node:events:514:28)
	at MessagePortMain._internalPort.emit (node:electron/js2c/utility_init:2:2285) setContext undefined
2024-07-01 14:53:50.978 [error] Canceled: Canceled
	at new A (/usr/lib/code/out/vs/workbench/api/node/extensionHostProcess.js:143:50615)
	at E.U (/usr/lib/code/out/vs/workbench/api/node/extensionHostProcess.js:150:6007)
	at z.<computed>.M.charCodeAt.R.CharCode.DollarSign.z.<computed> (/usr/lib/code/out/vs/workbench/api/node/extensionHostProcess.js:150:3091)
	at h.g (/usr/lib/code/out/vs/workbench/api/node/extensionHostProcess.js:153:199937)
	at h.executeCommand (/usr/lib/code/out/vs/workbench/api/node/extensionHostProcess.js:153:199375)
	at I.registerCommand.description (/usr/lib/code/out/vs/workbench/api/node/extensionHostProcess.js:153:198699)
	at h (/usr/lib/code/out/vs/workbench/api/node/extensionHostProcess.js:153:200476)
	at h.g (/usr/lib/code/out/vs/workbench/api/node/extensionHostProcess.js:153:199468)
	at h.executeCommand (/usr/lib/code/out/vs/workbench/api/node/extensionHostProcess.js:153:199375)
	at Object.executeCommand (/usr/lib/code/out/vs/workbench/api/node/extensionHostProcess.js:163:22742)
	at set hasGitHubRepositories (/usr/lib/code/extensions/github/dist/extension.js:2:322969)
	at /usr/lib/code/extensions/github/dist/extension.js:2:323928
	at n.value (/usr/lib/code/extensions/git/dist/main.js:2:1050764)
	at l.y (/usr/lib/code/out/vs/workbench/api/node/extensionHostProcess.js:82:664)
	at l.z (/usr/lib/code/out/vs/workbench/api/node/extensionHostProcess.js:82:734)
	at l.fire (/usr/lib/code/out/vs/workbench/api/node/extensionHostProcess.js:82:950)
	at Object.p [as dispose] (/usr/lib/code/extensions/git/dist/main.js:2:964275)
	at /usr/lib/code/extensions/git/dist/main.js:2:970313
	at Array.forEach (<anonymous>)
	at f.dispose (/usr/lib/code/extensions/git/dist/main.js:2:970299)
	at a.<anonymous> (/usr/lib/code/out/vs/workbench/api/node/extensionHostProcess.js:151:4032)
	at a.dispose (/usr/lib/code/out/vs/workbench/api/node/extensionHostProcess.js:151:4129)
	at a.<anonymous> (/usr/lib/code/extensions/git/dist/main.js:2:947448)
	at a.dispose (/usr/lib/code/out/vs/workbench/api/node/extensionHostProcess.js:151:4129)
	at f (/usr/lib/code/out/vs/workbench/api/node/extensionHostProcess.js:30:744)
	at u.eb (/usr/lib/code/out/vs/workbench/api/node/extensionHostProcess.js:159:9991)
	at /usr/lib/code/out/vs/workbench/api/node/extensionHostProcess.js:159:7867
	at Array.map (<anonymous>)
	at u.$ (/usr/lib/code/out/vs/workbench/api/node/extensionHostProcess.js:159:7854)
	at u.terminate (/usr/lib/code/out/vs/workbench/api/node/extensionHostProcess.js:159:8127)
	at f.terminate (/usr/lib/code/out/vs/workbench/api/node/extensionHostProcess.js:163:1513)
	at t (/usr/lib/code/out/vs/workbench/api/node/extensionHostProcess.js:176:10459)
	at MessagePortMain.<anonymous> (/usr/lib/code/out/vs/workbench/api/node/extensionHostProcess.js:176:6675)
	at MessagePortMain.emit (node:events:514:28)
	at MessagePortMain._internalPort.emit (node:electron/js2c/utility_init:2:2285) setContext undefined
2024-07-01 14:53:50.981 [info] Extension host with pid 2629 exiting with code 0
