2024-07-06 12:47:06.759 [info] Log level: Info
2024-07-06 12:47:06.759 [info] Validating found git in: "git"
2024-07-06 12:47:06.759 [info] Using git "2.45.2" from "git"
2024-07-06 12:47:06.759 [info] > git rev-parse --show-toplevel [5ms]
2024-07-06 12:47:06.759 [info] fatal: not a git repository (or any parent up to mount point /)
Stopping at filesystem boundary (GIT_DISCOVERY_ACROSS_FILESYSTEM not set).
2024-07-06 12:47:06.759 [info] > git rev-parse --show-toplevel [25ms]
2024-07-06 12:47:06.759 [info] fatal: not a git repository (or any parent up to mount point /)
Stopping at filesystem boundary (GIT_DISCOVERY_ACROSS_FILESYSTEM not set).
2024-07-06 12:47:06.760 [info] > git rev-parse --show-toplevel [3ms]
2024-07-06 12:47:06.760 [info] fatal: not a git repository (or any parent up to mount point /)
Stopping at filesystem boundary (GIT_DISCOVERY_ACROSS_FILESYSTEM not set).
2024-07-06 12:47:06.766 [info] > git rev-parse --show-toplevel [1ms]
2024-07-06 12:47:06.766 [info] fatal: not a git repository (or any parent up to mount point /)
Stopping at filesystem boundary (GIT_DISCOVERY_ACROSS_FILESYSTEM not set).
2024-07-06 12:47:06.771 [info] > git rev-parse --show-toplevel [1ms]
2024-07-06 12:47:06.771 [info] fatal: not a git repository (or any parent up to mount point /)
Stopping at filesystem boundary (GIT_DISCOVERY_ACROSS_FILESYSTEM not set).
2024-07-06 12:47:06.777 [info] > git rev-parse --show-toplevel [1ms]
2024-07-06 12:47:06.777 [info] fatal: not a git repository (or any parent up to mount point /)
Stopping at filesystem boundary (GIT_DISCOVERY_ACROSS_FILESYSTEM not set).
2024-07-06 12:47:06.783 [info] > git rev-parse --show-toplevel [2ms]
2024-07-06 12:47:06.790 [info] > git rev-parse --git-dir --git-common-dir [2ms]
2024-07-06 12:47:06.798 [info] Open repository: /home/garo/.oh-my-bash
2024-07-06 12:47:06.813 [info] > git config --get commit.template [9ms]
2024-07-06 12:47:06.814 [info] > git rev-parse --show-toplevel [5ms]
2024-07-06 12:47:06.814 [info] fatal: not a git repository (or any parent up to mount point /)
Stopping at filesystem boundary (GIT_DISCOVERY_ACROSS_FILESYSTEM not set).
2024-07-06 12:47:06.827 [info] > git rev-parse --show-toplevel [2ms]
2024-07-06 12:47:06.827 [info] fatal: not a git repository (or any parent up to mount point /)
Stopping at filesystem boundary (GIT_DISCOVERY_ACROSS_FILESYSTEM not set).
2024-07-06 12:47:06.827 [info] > git for-each-ref --format=%(refname)%00%(upstream:short)%00%(objectname)%00%(upstream:track)%00%(upstream:remotename)%00%(upstream:remoteref) refs/heads/master refs/remotes/master [8ms]
2024-07-06 12:47:06.841 [warning] ENOENT: no such file or directory, open '/home/garo/.oh-my-bash/.git/refs/remotes/origin/master'
2024-07-06 12:47:06.855 [info] > git rev-parse refs/remotes/origin/master [14ms]
2024-07-06 12:47:06.861 [info] > git rev-parse --show-toplevel [26ms]
2024-07-06 12:47:06.861 [info] fatal: not a git repository (or any parent up to mount point /)
Stopping at filesystem boundary (GIT_DISCOVERY_ACROSS_FILESYSTEM not set).
2024-07-06 12:47:06.875 [info] > git rev-parse --show-toplevel [1ms]
2024-07-06 12:47:06.875 [info] fatal: not a git repository (or any parent up to mount point /)
Stopping at filesystem boundary (GIT_DISCOVERY_ACROSS_FILESYSTEM not set).
2024-07-06 12:47:06.881 [info] > git rev-parse --show-toplevel [1ms]
2024-07-06 12:47:06.881 [info] fatal: not a git repository (or any parent up to mount point /)
Stopping at filesystem boundary (GIT_DISCOVERY_ACROSS_FILESYSTEM not set).
2024-07-06 12:47:06.887 [info] > git rev-parse --show-toplevel [1ms]
2024-07-06 12:47:06.888 [info] fatal: not a git repository (or any parent up to mount point /)
Stopping at filesystem boundary (GIT_DISCOVERY_ACROSS_FILESYSTEM not set).
2024-07-06 12:47:06.894 [info] > git rev-parse --show-toplevel [1ms]
2024-07-06 12:47:06.894 [info] fatal: not a git repository (or any parent up to mount point /)
Stopping at filesystem boundary (GIT_DISCOVERY_ACROSS_FILESYSTEM not set).
2024-07-06 12:47:06.899 [info] > git status -z -uall [39ms]
2024-07-06 12:47:06.913 [info] > git merge-base refs/heads/master refs/remotes/origin/master [8ms]
2024-07-06 12:47:06.918 [info] > git rev-parse --show-toplevel [19ms]
2024-07-06 12:47:06.918 [info] fatal: not a git repository (or any parent up to mount point /)
Stopping at filesystem boundary (GIT_DISCOVERY_ACROSS_FILESYSTEM not set).
2024-07-06 12:47:06.924 [info] > git rev-list --count --left-right refs/heads/master...refs/remotes/origin/master [6ms]
2024-07-06 12:47:06.929 [info] > git config --get commit.template [16ms]
2024-07-06 12:47:06.930 [info] > git rev-parse --show-toplevel [6ms]
2024-07-06 12:47:06.930 [info] fatal: not a git repository (or any parent up to mount point /)
Stopping at filesystem boundary (GIT_DISCOVERY_ACROSS_FILESYSTEM not set).
2024-07-06 12:47:06.963 [info] > git diff --name-status -z --diff-filter=ADMR ece0ed32cf8c5da5ed2c0615824e9b4648ad063e...refs/remotes/origin/master [34ms]
2024-07-06 12:47:06.966 [info] > git rev-parse --show-toplevel [3ms]
2024-07-06 12:47:06.966 [info] fatal: not a git repository (or any parent up to mount point /)
Stopping at filesystem boundary (GIT_DISCOVERY_ACROSS_FILESYSTEM not set).
2024-07-06 12:47:06.966 [info] > git for-each-ref --format=%(refname)%00%(upstream:short)%00%(objectname)%00%(upstream:track)%00%(upstream:remotename)%00%(upstream:remoteref) refs/heads/master refs/remotes/master [7ms]
2024-07-06 12:47:06.976 [warning] ENOENT: no such file or directory, open '/home/garo/.oh-my-bash/.git/refs/remotes/origin/master'
2024-07-06 12:47:06.977 [info] > git rev-parse --show-toplevel [5ms]
2024-07-06 12:47:06.977 [info] fatal: not a git repository (or any parent up to mount point /)
Stopping at filesystem boundary (GIT_DISCOVERY_ACROSS_FILESYSTEM not set).
2024-07-06 12:47:06.981 [info] > git rev-parse refs/remotes/origin/master [6ms]
2024-07-06 12:47:06.985 [info] > git rev-parse --show-toplevel [4ms]
2024-07-06 12:47:06.985 [info] fatal: not a git repository (or any parent up to mount point /)
Stopping at filesystem boundary (GIT_DISCOVERY_ACROSS_FILESYSTEM not set).
2024-07-06 12:47:06.991 [info] > git rev-parse --show-toplevel [1ms]
2024-07-06 12:47:06.991 [info] fatal: not a git repository (or any parent up to mount point /)
Stopping at filesystem boundary (GIT_DISCOVERY_ACROSS_FILESYSTEM not set).
2024-07-06 12:47:06.997 [info] > git rev-parse --show-toplevel [1ms]
2024-07-06 12:47:06.997 [info] fatal: not a git repository (or any parent up to mount point /)
Stopping at filesystem boundary (GIT_DISCOVERY_ACROSS_FILESYSTEM not set).
2024-07-06 12:47:07.001 [info] > git status -z -uall [16ms]
2024-07-06 12:47:07.336 [info] > git check-ignore -v -z --stdin [1ms]
2024-07-06 12:47:08.938 [info] > git rev-parse --show-toplevel [1ms]
2024-07-06 12:47:08.938 [info] fatal: not a git repository (or any parent up to mount point /)
Stopping at filesystem boundary (GIT_DISCOVERY_ACROSS_FILESYSTEM not set).
